<?xml version="1.0" encoding="utf-8"?><testsuites name="pytest tests"><testsuite name="pytest" errors="0" failures="0" skipped="0" tests="14" time="4.618" timestamp="2026-02-02T14:06:40.588977+00:00" hostname="agent-env-cb7b7230-e352-43e3-84c7-27d91d2dddc0"><testcase classname="tests.test_invoice_pdf.TestInvoicePDFGeneration" name="test_01_login_success" time="0.563" /><testcase classname="tests.test_invoice_pdf.TestInvoicePDFGeneration" name="test_02_get_bank_details" time="0.277" /><testcase classname="tests.test_invoice_pdf.TestInvoicePDFGeneration" name="test_03_update_bank_details" time="0.292" /><testcase classname="tests.test_invoice_pdf.TestInvoicePDFGeneration" name="test_04_get_users_for_invoice" time="0.274" /><testcase classname="tests.test_invoice_pdf.TestInvoicePDFGeneration" name="test_05_create_invoice_with_pdf" time="0.341" /><testcase classname="tests.test_invoice_pdf.TestInvoicePDFGeneration" name="test_06_view_invoice_pdf" time="0.335" /><testcase classname="tests.test_invoice_pdf.TestInvoicePDFGeneration" name="test_07_download_invoice_pdf" time="0.316" /><testcase classname="tests.test_invoice_pdf.TestInvoicePDFGeneration" name="test_08_get_all_invoices" time="0.266" /><testcase classname="tests.test_invoice_pdf.TestInvoicePDFGeneration" name="test_09_bank_details_appear_in_pdf" time="0.352" /><testcase classname="tests.test_invoice_pdf.TestInvoicePDFGeneration" name="test_10_unauthorized_access_to_bank_details" time="0.307" /><testcase classname="tests.test_invoice_pdf.TestInvoicePDFGeneration" name="test_11_unauthorized_update_bank_details" time="0.303" /><testcase classname="tests.test_invoice_pdf.TestInvoicePDFGeneration" name="test_12_cleanup_test_invoices" time="0.361" /><testcase classname="tests.test_invoice_pdf.TestInvoiceFileEndpoints" name="test_file_not_found" time="0.275" /><testcase classname="tests.test_invoice_pdf.TestInvoiceFileEndpoints" name="test_existing_pdf_files" time="0.287" /></testsuite></testsuites>