<?xml version="1.0" encoding="utf-8"?><testsuites name="pytest tests"><testsuite name="pytest" errors="0" failures="0" skipped="0" tests="11" time="2.032" timestamp="2026-01-04T17:21:56.251650+00:00" hostname="agent-env-ca982ed2-b211-45e7-9761-cb0c3a8018a0"><testcase classname="tests.test_multi_member_invoices.TestMultiMemberInvoices" name="test_01_login_as_super_admin" time="0.336" /><testcase classname="tests.test_multi_member_invoices.TestMultiMemberInvoices" name="test_02_get_users_list" time="0.304" /><testcase classname="tests.test_multi_member_invoices.TestMultiMemberInvoices" name="test_03_create_multi_member_invoice" time="0.082" /><testcase classname="tests.test_multi_member_invoices.TestMultiMemberInvoices" name="test_04_get_all_invoices_shows_multi_member" time="0.039" /><testcase classname="tests.test_multi_member_invoices.TestMultiMemberInvoices" name="test_05_cleanup_test_invoice" time="0.040" /><testcase classname="tests.test_multi_member_invoices.TestFilteredMembers" name="test_01_get_filtered_members_no_filter" time="0.347" /><testcase classname="tests.test_multi_member_invoices.TestFilteredMembers" name="test_02_get_filtered_members_by_training_group" time="0.035" /><testcase classname="tests.test_multi_member_invoices.TestFilteredMembers" name="test_03_export_filtered_members_excel" time="0.080" /><testcase classname="tests.test_multi_member_invoices.TestFilteredMembers" name="test_04_export_filtered_members_csv" time="0.037" /><testcase classname="tests.test_multi_member_invoices.TestInvoiceAPIValidation" name="test_01_create_invoice_empty_userids" time="0.381" /><testcase classname="tests.test_multi_member_invoices.TestInvoiceAPIValidation" name="test_02_create_invoice_single_user" time="0.161" /></testsuite></testsuites>