<?xml version="1.0" encoding="utf-8"?><testsuites name="pytest tests"><testsuite name="pytest" errors="0" failures="0" skipped="0" tests="8" time="2.145" timestamp="2026-02-03T12:32:01.487350+00:00" hostname="agent-env-cb7b7230-e352-43e3-84c7-27d91d2dddc0"><testcase classname="tests.test_impersonation_statistics.TestAdminStatistics" name="test_statistics_endpoint_returns_correct_structure" time="0.357" /><testcase classname="tests.test_impersonation_statistics.TestAdminStatistics" name="test_statistics_values_are_non_negative" time="0.303" /><testcase classname="tests.test_impersonation_statistics.TestUserImpersonation" name="test_impersonate_regular_user_success" time="0.336" /><testcase classname="tests.test_impersonation_statistics.TestUserImpersonation" name="test_impersonate_superadmin_forbidden" time="0.334" /><testcase classname="tests.test_impersonation_statistics.TestUserImpersonation" name="test_impersonate_nonexistent_user_not_found" time="0.333" /><testcase classname="tests.test_impersonation_statistics.TestUserImpersonation" name="test_impersonation_token_contains_special_flags" time="0.346" /><testcase classname="tests.test_impersonation_statistics.TestImpersonationWithoutAuth" name="test_impersonate_without_token_unauthorized" time="0.037" /><testcase classname="tests.test_impersonation_statistics.TestImpersonationWithoutAuth" name="test_impersonate_with_invalid_token_unauthorized" time="0.036" /></testsuite></testsuites>