<?xml version="1.0" encoding="utf-8"?><testsuites name="pytest tests"><testsuite name="pytest" errors="13" failures="0" skipped="0" tests="14" time="0.441" timestamp="2026-01-31T18:49:42.990818+00:00" hostname="agent-env-e9ed2f18-9260-48a8-8556-d7b1e6914f84"><testcase classname="tests.test_family_api.TestFamilyAPISetup" name="test_api_health" time="0.077" /><testcase classname="tests.test_family_api.TestFamilyMembersCRUD" name="test_get_family_members_empty" time="0.038"><error message="failed on setup with &quot;AssertionError: Admin login failed: {&quot;detail&quot;:[{&quot;type&quot;:&quot;missing&quot;,&quot;loc&quot;:[&quot;body&quot;,&quot;username&quot;],&quot;msg&quot;:&quot;Field required&quot;,&quot;input&quot;:{&quot;email&quot;:&quot;vladanmitic@gmail.com&quot;,&quot;password&quot;:&quot;Admin123!&quot;},&quot;url&quot;:&quot;https://errors.pydantic.dev/2.12/v/missing&quot;}]}&#10;assert 422 == 200&#10; +  where 422 = &lt;Response [422]&gt;.status_code&quot;">tests/test_family_api.py:68: in admin_token
    assert response.status_code == 200, f"Admin login failed: {response.text}"
E   AssertionError: Admin login failed: {"detail":[{"type":"missing","loc":["body","username"],"msg":"Field required","input":{"email":"vladanmitic@gmail.com","password":"Admin123!"},"url":"https://errors.pydantic.dev/2.12/v/missing"}]}
E   assert 422 == 200
E    +  where 422 = &lt;Response [422]&gt;.status_code</error></testcase><testcase classname="tests.test_family_api.TestFamilyMembersCRUD" name="test_add_family_member_success" time="0.000"><error message="failed on setup with &quot;AssertionError: Admin login failed: {&quot;detail&quot;:[{&quot;type&quot;:&quot;missing&quot;,&quot;loc&quot;:[&quot;body&quot;,&quot;username&quot;],&quot;msg&quot;:&quot;Field required&quot;,&quot;input&quot;:{&quot;email&quot;:&quot;vladanmitic@gmail.com&quot;,&quot;password&quot;:&quot;Admin123!&quot;},&quot;url&quot;:&quot;https://errors.pydantic.dev/2.12/v/missing&quot;}]}&#10;assert 422 == 200&#10; +  where 422 = &lt;Response [422]&gt;.status_code&quot;">tests/test_family_api.py:68: in admin_token
    assert response.status_code == 200, f"Admin login failed: {response.text}"
E   AssertionError: Admin login failed: {"detail":[{"type":"missing","loc":["body","username"],"msg":"Field required","input":{"email":"vladanmitic@gmail.com","password":"Admin123!"},"url":"https://errors.pydantic.dev/2.12/v/missing"}]}
E   assert 422 == 200
E    +  where 422 = &lt;Response [422]&gt;.status_code</error></testcase><testcase classname="tests.test_family_api.TestFamilyMembersCRUD" name="test_add_family_member_duplicate_email" time="0.000"><error message="failed on setup with &quot;AssertionError: Admin login failed: {&quot;detail&quot;:[{&quot;type&quot;:&quot;missing&quot;,&quot;loc&quot;:[&quot;body&quot;,&quot;username&quot;],&quot;msg&quot;:&quot;Field required&quot;,&quot;input&quot;:{&quot;email&quot;:&quot;vladanmitic@gmail.com&quot;,&quot;password&quot;:&quot;Admin123!&quot;},&quot;url&quot;:&quot;https://errors.pydantic.dev/2.12/v/missing&quot;}]}&#10;assert 422 == 200&#10; +  where 422 = &lt;Response [422]&gt;.status_code&quot;">tests/test_family_api.py:68: in admin_token
    assert response.status_code == 200, f"Admin login failed: {response.text}"
E   AssertionError: Admin login failed: {"detail":[{"type":"missing","loc":["body","username"],"msg":"Field required","input":{"email":"vladanmitic@gmail.com","password":"Admin123!"},"url":"https://errors.pydantic.dev/2.12/v/missing"}]}
E   assert 422 == 200
E    +  where 422 = &lt;Response [422]&gt;.status_code</error></testcase><testcase classname="tests.test_family_api.TestFamilyMembersCRUD" name="test_get_family_members_after_add" time="0.000"><error message="failed on setup with &quot;AssertionError: Admin login failed: {&quot;detail&quot;:[{&quot;type&quot;:&quot;missing&quot;,&quot;loc&quot;:[&quot;body&quot;,&quot;username&quot;],&quot;msg&quot;:&quot;Field required&quot;,&quot;input&quot;:{&quot;email&quot;:&quot;vladanmitic@gmail.com&quot;,&quot;password&quot;:&quot;Admin123!&quot;},&quot;url&quot;:&quot;https://errors.pydantic.dev/2.12/v/missing&quot;}]}&#10;assert 422 == 200&#10; +  where 422 = &lt;Response [422]&gt;.status_code&quot;">tests/test_family_api.py:68: in admin_token
    assert response.status_code == 200, f"Admin login failed: {response.text}"
E   AssertionError: Admin login failed: {"detail":[{"type":"missing","loc":["body","username"],"msg":"Field required","input":{"email":"vladanmitic@gmail.com","password":"Admin123!"},"url":"https://errors.pydantic.dev/2.12/v/missing"}]}
E   assert 422 == 200
E    +  where 422 = &lt;Response [422]&gt;.status_code</error></testcase><testcase classname="tests.test_family_api.TestFamilyMembersCRUD" name="test_update_family_member" time="0.000"><error message="failed on setup with &quot;AssertionError: Admin login failed: {&quot;detail&quot;:[{&quot;type&quot;:&quot;missing&quot;,&quot;loc&quot;:[&quot;body&quot;,&quot;username&quot;],&quot;msg&quot;:&quot;Field required&quot;,&quot;input&quot;:{&quot;email&quot;:&quot;vladanmitic@gmail.com&quot;,&quot;password&quot;:&quot;Admin123!&quot;},&quot;url&quot;:&quot;https://errors.pydantic.dev/2.12/v/missing&quot;}]}&#10;assert 422 == 200&#10; +  where 422 = &lt;Response [422]&gt;.status_code&quot;">tests/test_family_api.py:68: in admin_token
    assert response.status_code == 200, f"Admin login failed: {response.text}"
E   AssertionError: Admin login failed: {"detail":[{"type":"missing","loc":["body","username"],"msg":"Field required","input":{"email":"vladanmitic@gmail.com","password":"Admin123!"},"url":"https://errors.pydantic.dev/2.12/v/missing"}]}
E   assert 422 == 200
E    +  where 422 = &lt;Response [422]&gt;.status_code</error></testcase><testcase classname="tests.test_family_api.TestFamilyMembersCRUD" name="test_delete_family_member" time="0.000"><error message="failed on setup with &quot;AssertionError: Admin login failed: {&quot;detail&quot;:[{&quot;type&quot;:&quot;missing&quot;,&quot;loc&quot;:[&quot;body&quot;,&quot;username&quot;],&quot;msg&quot;:&quot;Field required&quot;,&quot;input&quot;:{&quot;email&quot;:&quot;vladanmitic@gmail.com&quot;,&quot;password&quot;:&quot;Admin123!&quot;},&quot;url&quot;:&quot;https://errors.pydantic.dev/2.12/v/missing&quot;}]}&#10;assert 422 == 200&#10; +  where 422 = &lt;Response [422]&gt;.status_code&quot;">tests/test_family_api.py:68: in admin_token
    assert response.status_code == 200, f"Admin login failed: {response.text}"
E   AssertionError: Admin login failed: {"detail":[{"type":"missing","loc":["body","username"],"msg":"Field required","input":{"email":"vladanmitic@gmail.com","password":"Admin123!"},"url":"https://errors.pydantic.dev/2.12/v/missing"}]}
E   assert 422 == 200
E    +  where 422 = &lt;Response [422]&gt;.status_code</error></testcase><testcase classname="tests.test_family_api.TestFamilyMembersCRUD" name="test_delete_nonexistent_member" time="0.000"><error message="failed on setup with &quot;AssertionError: Admin login failed: {&quot;detail&quot;:[{&quot;type&quot;:&quot;missing&quot;,&quot;loc&quot;:[&quot;body&quot;,&quot;username&quot;],&quot;msg&quot;:&quot;Field required&quot;,&quot;input&quot;:{&quot;email&quot;:&quot;vladanmitic@gmail.com&quot;,&quot;password&quot;:&quot;Admin123!&quot;},&quot;url&quot;:&quot;https://errors.pydantic.dev/2.12/v/missing&quot;}]}&#10;assert 422 == 200&#10; +  where 422 = &lt;Response [422]&gt;.status_code&quot;">tests/test_family_api.py:68: in admin_token
    assert response.status_code == 200, f"Admin login failed: {response.text}"
E   AssertionError: Admin login failed: {"detail":[{"type":"missing","loc":["body","username"],"msg":"Field required","input":{"email":"vladanmitic@gmail.com","password":"Admin123!"},"url":"https://errors.pydantic.dev/2.12/v/missing"}]}
E   assert 422 == 200
E    +  where 422 = &lt;Response [422]&gt;.status_code</error></testcase><testcase classname="tests.test_family_api.TestAdminFamilyEndpoints" name="test_admin_get_all_families" time="0.034"><error message="failed on setup with &quot;assert 422 == 200&#10; +  where 422 = &lt;Response [422]&gt;.status_code&quot;">tests/test_family_api.py:258: in admin_token
    assert response.status_code == 200
E   assert 422 == 200
E    +  where 422 = &lt;Response [422]&gt;.status_code</error></testcase><testcase classname="tests.test_family_api.TestAdminFamilyEndpoints" name="test_admin_add_family_member_to_user" time="0.000"><error message="failed on setup with &quot;assert 422 == 200&#10; +  where 422 = &lt;Response [422]&gt;.status_code&quot;">tests/test_family_api.py:258: in admin_token
    assert response.status_code == 200
E   assert 422 == 200
E    +  where 422 = &lt;Response [422]&gt;.status_code</error></testcase><testcase classname="tests.test_family_api.TestAdminFamilyEndpoints" name="test_admin_add_member_to_nonexistent_user" time="0.000"><error message="failed on setup with &quot;assert 422 == 200&#10; +  where 422 = &lt;Response [422]&gt;.status_code&quot;">tests/test_family_api.py:258: in admin_token
    assert response.status_code == 200
E   assert 422 == 200
E    +  where 422 = &lt;Response [422]&gt;.status_code</error></testcase><testcase classname="tests.test_family_api.TestAgeRestriction" name="test_create_underage_user_and_try_add_member" time="0.041"><error message="failed on setup with &quot;KeyError: 'token'&quot;">tests/test_family_api.py:334: in admin_token
    return response.json()["token"]
           ^^^^^^^^^^^^^^^^^^^^^^^^
E   KeyError: 'token'</error></testcase><testcase classname="tests.test_family_api.TestFamilyMemberLogin" name="test_family_member_exists_in_system" time="0.033"><error message="failed on setup with &quot;KeyError: 'token'&quot;">tests/test_family_api.py:412: in admin_token
    return response.json()["token"]
           ^^^^^^^^^^^^^^^^^^^^^^^^
E   KeyError: 'token'</error></testcase><testcase classname="tests.test_family_api.TestCleanup" name="test_cleanup_test_family_members" time="0.033"><error message="failed on setup with &quot;KeyError: 'token'&quot;">tests/test_family_api.py:450: in admin_token
    return response.json()["token"]
           ^^^^^^^^^^^^^^^^^^^^^^^^
E   KeyError: 'token'</error></testcase></testsuite></testsuites>