<?xml version="1.0" encoding="utf-8"?><testsuites name="pytest tests"><testsuite name="pytest" errors="0" failures="0" skipped="0" tests="8" time="20.652" timestamp="2026-03-16T15:57:23.543731+00:00" hostname="agent-env-ffc4e97a-4be7-4c30-af30-2a4b28a0da90"><testcase classname="tests.test_photo_consent.TestPhotoConsentFeature" name="test_admin_add_minor_without_consent_fails" time="0.840" /><testcase classname="tests.test_photo_consent.TestPhotoConsentFeature" name="test_admin_add_minor_with_consent_succeeds" time="4.292" /><testcase classname="tests.test_photo_consent.TestPhotoConsentFeature" name="test_admin_add_adult_without_consent_succeeds" time="5.554" /><testcase classname="tests.test_photo_consent.TestPhotoConsentFeature" name="test_send_consent_reminders" time="0.531" /><testcase classname="tests.test_photo_consent.TestPhotoConsentFeature" name="test_get_minors_without_consent" time="0.526" /><testcase classname="tests.test_photo_consent.TestPhotoConsentFeature" name="test_update_photo_consent" time="3.956" /><testcase classname="tests.test_photo_consent.TestPhotoConsentUserFlow" name="test_user_add_minor_requires_consent" time="0.449" /><testcase classname="tests.test_photo_consent.TestPhotoConsentUserFlow" name="test_user_add_minor_with_consent" time="4.446" /></testsuite></testsuites>