<?xml version="1.0" encoding="utf-8"?><testsuites name="pytest tests"><testsuite name="pytest" errors="0" failures="0" skipped="0" tests="9" time="12.310" timestamp="2026-03-09T13:53:08.939453+00:00" hostname="agent-env-f06d3b8f-c59e-406a-9ea4-a2c636c19773"><testcase classname="backend.tests.test_bulk_family_add_fix.TestBulkFamilyAddFix" name="test_api_health" time="0.271" /><testcase classname="backend.tests.test_bulk_family_add_fix.TestBulkFamilyAddFix" name="test_admin_login" time="0.532" /><testcase classname="backend.tests.test_bulk_family_add_fix.TestBulkFamilyAddFix" name="test_add_multiple_children_without_email" time="6.211" /><testcase classname="backend.tests.test_bulk_family_add_fix.TestBulkFamilyAddFix" name="test_add_adult_member_with_email" time="1.814" /><testcase classname="backend.tests.test_bulk_family_add_fix.TestBulkFamilyAddFix" name="test_reject_adult_without_email" time="0.115" /><testcase classname="backend.tests.test_bulk_family_add_fix.TestBulkFamilyAddFix" name="test_reject_duplicate_email" time="1.954" /><testcase classname="backend.tests.test_bulk_family_add_fix.TestBulkFamilyAddFix" name="test_get_all_families_includes_new_members" time="0.104" /><testcase classname="backend.tests.test_bulk_family_add_fix.TestBulkFamilyAddFix" name="test_verify_children_have_no_email_field" time="0.105" /><testcase classname="backend.tests.test_bulk_family_add_fix.TestCleanupBulkAddTestData" name="test_cleanup_test_members" time="1.139" /></testsuite></testsuites>