<?xml version="1.0" encoding="utf-8"?><testsuites name="pytest tests"><testsuite name="pytest" errors="0" failures="4" skipped="0" tests="14" time="4.514" timestamp="2026-02-02T14:04:59.431933+00:00" hostname="agent-env-cb7b7230-e352-43e3-84c7-27d91d2dddc0"><testcase classname="tests.test_invoice_pdf.TestInvoicePDFGeneration" name="test_01_login_success" time="0.590" /><testcase classname="tests.test_invoice_pdf.TestInvoicePDFGeneration" name="test_02_get_bank_details" time="0.283" /><testcase classname="tests.test_invoice_pdf.TestInvoicePDFGeneration" name="test_03_update_bank_details" time="0.296" /><testcase classname="tests.test_invoice_pdf.TestInvoicePDFGeneration" name="test_04_get_users_for_invoice" time="0.276" /><testcase classname="tests.test_invoice_pdf.TestInvoicePDFGeneration" name="test_05_create_invoice_with_pdf" time="0.289"><failure message="AssertionError: Failed to create invoice: {&quot;detail&quot;:[{&quot;type&quot;:&quot;missing&quot;,&quot;loc&quot;:[&quot;body&quot;,&quot;userIds&quot;],&quot;msg&quot;:&quot;Field required&quot;,&quot;input&quot;:{&quot;userId&quot;:&quot;user_1763932080306&quot;,&quot;amount&quot;:500,&quot;currency&quot;:&quot;SEK&quot;,&quot;dueDate&quot;:&quot;2025-03-01&quot;,&quot;description&quot;:&quot;TEST_Membership Fee 2025 - PDF Test&quot;},&quot;url&quot;:&quot;https://errors.pydantic.dev/2.12/v/missing&quot;}]}&#10;assert 422 == 200&#10; +  where 422 = &lt;Response [422]&gt;.status_code">tests/test_invoice_pdf.py:143: in test_05_create_invoice_with_pdf
    assert response.status_code == 200, f"Failed to create invoice: {response.text}"
E   AssertionError: Failed to create invoice: {"detail":[{"type":"missing","loc":["body","userIds"],"msg":"Field required","input":{"userId":"user_1763932080306","amount":500,"currency":"SEK","dueDate":"2025-03-01","description":"TEST_Membership Fee 2025 - PDF Test"},"url":"https://errors.pydantic.dev/2.12/v/missing"}]}
E   assert 422 == 200
E    +  where 422 = &lt;Response [422]&gt;.status_code</failure></testcase><testcase classname="tests.test_invoice_pdf.TestInvoicePDFGeneration" name="test_06_view_invoice_pdf" time="0.293"><failure message="AssertionError: Failed to create invoice: {&quot;detail&quot;:[{&quot;type&quot;:&quot;missing&quot;,&quot;loc&quot;:[&quot;body&quot;,&quot;userIds&quot;],&quot;msg&quot;:&quot;Field required&quot;,&quot;input&quot;:{&quot;userId&quot;:&quot;user_1763932080306&quot;,&quot;amount&quot;:500,&quot;currency&quot;:&quot;SEK&quot;,&quot;dueDate&quot;:&quot;2025-03-01&quot;,&quot;description&quot;:&quot;TEST_Membership Fee 2025 - PDF Test&quot;},&quot;url&quot;:&quot;https://errors.pydantic.dev/2.12/v/missing&quot;}]}&#10;assert 422 == 200&#10; +  where 422 = &lt;Response [422]&gt;.status_code">tests/test_invoice_pdf.py:165: in test_06_view_invoice_pdf
    invoice = self.test_05_create_invoice_with_pdf()
              ^^^^^^^^^^^^^^^^^^^^^^^^^^^^^^^^^^^^^^
tests/test_invoice_pdf.py:143: in test_05_create_invoice_with_pdf
    assert response.status_code == 200, f"Failed to create invoice: {response.text}"
E   AssertionError: Failed to create invoice: {"detail":[{"type":"missing","loc":["body","userIds"],"msg":"Field required","input":{"userId":"user_1763932080306","amount":500,"currency":"SEK","dueDate":"2025-03-01","description":"TEST_Membership Fee 2025 - PDF Test"},"url":"https://errors.pydantic.dev/2.12/v/missing"}]}
E   assert 422 == 200
E    +  where 422 = &lt;Response [422]&gt;.status_code</failure></testcase><testcase classname="tests.test_invoice_pdf.TestInvoicePDFGeneration" name="test_07_download_invoice_pdf" time="0.322"><failure message="AssertionError: Failed to create invoice: {&quot;detail&quot;:[{&quot;type&quot;:&quot;missing&quot;,&quot;loc&quot;:[&quot;body&quot;,&quot;userIds&quot;],&quot;msg&quot;:&quot;Field required&quot;,&quot;input&quot;:{&quot;userId&quot;:&quot;user_1763932080306&quot;,&quot;amount&quot;:500,&quot;currency&quot;:&quot;SEK&quot;,&quot;dueDate&quot;:&quot;2025-03-01&quot;,&quot;description&quot;:&quot;TEST_Membership Fee 2025 - PDF Test&quot;},&quot;url&quot;:&quot;https://errors.pydantic.dev/2.12/v/missing&quot;}]}&#10;assert 422 == 200&#10; +  where 422 = &lt;Response [422]&gt;.status_code">tests/test_invoice_pdf.py:187: in test_07_download_invoice_pdf
    invoice = self.test_05_create_invoice_with_pdf()
              ^^^^^^^^^^^^^^^^^^^^^^^^^^^^^^^^^^^^^^
tests/test_invoice_pdf.py:143: in test_05_create_invoice_with_pdf
    assert response.status_code == 200, f"Failed to create invoice: {response.text}"
E   AssertionError: Failed to create invoice: {"detail":[{"type":"missing","loc":["body","userIds"],"msg":"Field required","input":{"userId":"user_1763932080306","amount":500,"currency":"SEK","dueDate":"2025-03-01","description":"TEST_Membership Fee 2025 - PDF Test"},"url":"https://errors.pydantic.dev/2.12/v/missing"}]}
E   assert 422 == 200
E    +  where 422 = &lt;Response [422]&gt;.status_code</failure></testcase><testcase classname="tests.test_invoice_pdf.TestInvoicePDFGeneration" name="test_08_get_all_invoices" time="0.275" /><testcase classname="tests.test_invoice_pdf.TestInvoicePDFGeneration" name="test_09_bank_details_appear_in_pdf" time="0.338"><failure message="assert 422 == 200&#10; +  where 422 = &lt;Response [422]&gt;.status_code">tests/test_invoice_pdf.py:244: in test_09_bank_details_appear_in_pdf
    assert create_response.status_code == 200
E   assert 422 == 200
E    +  where 422 = &lt;Response [422]&gt;.status_code</failure></testcase><testcase classname="tests.test_invoice_pdf.TestInvoicePDFGeneration" name="test_10_unauthorized_access_to_bank_details" time="0.299" /><testcase classname="tests.test_invoice_pdf.TestInvoicePDFGeneration" name="test_11_unauthorized_update_bank_details" time="0.298" /><testcase classname="tests.test_invoice_pdf.TestInvoicePDFGeneration" name="test_12_cleanup_test_invoices" time="0.276" /><testcase classname="tests.test_invoice_pdf.TestInvoiceFileEndpoints" name="test_file_not_found" time="0.277" /><testcase classname="tests.test_invoice_pdf.TestInvoiceFileEndpoints" name="test_existing_pdf_files" time="0.289" /></testsuite></testsuites>