<?xml version="1.0" encoding="utf-8"?><testsuites name="pytest tests"><testsuite name="pytest" errors="0" failures="0" skipped="1" tests="14" time="11.739" timestamp="2026-01-31T18:50:16.308684+00:00" hostname="agent-env-e9ed2f18-9260-48a8-8556-d7b1e6914f84"><testcase classname="tests.test_family_api.TestFamilyAPISetup" name="test_api_health" time="0.061" /><testcase classname="tests.test_family_api.TestFamilyMembersCRUD" name="test_get_family_members_empty" time="0.336" /><testcase classname="tests.test_family_api.TestFamilyMembersCRUD" name="test_add_family_member_success" time="2.485" /><testcase classname="tests.test_family_api.TestFamilyMembersCRUD" name="test_add_family_member_duplicate_email" time="1.793" /><testcase classname="tests.test_family_api.TestFamilyMembersCRUD" name="test_get_family_members_after_add" time="0.038" /><testcase classname="tests.test_family_api.TestFamilyMembersCRUD" name="test_update_family_member" time="1.829" /><testcase classname="tests.test_family_api.TestFamilyMembersCRUD" name="test_delete_family_member" time="1.821" /><testcase classname="tests.test_family_api.TestFamilyMembersCRUD" name="test_delete_nonexistent_member" time="0.035" /><testcase classname="tests.test_family_api.TestAdminFamilyEndpoints" name="test_admin_get_all_families" time="0.302" /><testcase classname="tests.test_family_api.TestAdminFamilyEndpoints" name="test_admin_add_family_member_to_user" time="1.812" /><testcase classname="tests.test_family_api.TestAdminFamilyEndpoints" name="test_admin_add_member_to_nonexistent_user" time="0.038" /><testcase classname="tests.test_family_api.TestAgeRestriction" name="test_create_underage_user_and_try_add_member" time="0.342"><skipped type="pytest.skip" message="Registration requires email verification - skipping age restriction test">/app/backend/tests/test_family_api.py:364: Registration requires email verification - skipping age restriction test</skipped></testcase><testcase classname="tests.test_family_api.TestFamilyMemberLogin" name="test_family_member_exists_in_system" time="0.292" /><testcase classname="tests.test_family_api.TestCleanup" name="test_cleanup_test_family_members" time="0.484" /></testsuite></testsuites>