<?xml version="1.0" encoding="utf-8"?><testsuites name="pytest tests"><testsuite name="pytest" errors="0" failures="4" skipped="0" tests="14" time="4.596" timestamp="2026-02-02T14:05:28.553071+00:00" hostname="agent-env-cb7b7230-e352-43e3-84c7-27d91d2dddc0"><testcase classname="tests.test_invoice_pdf.TestInvoicePDFGeneration" name="test_01_login_success" time="0.545" /><testcase classname="tests.test_invoice_pdf.TestInvoicePDFGeneration" name="test_02_get_bank_details" time="0.274" /><testcase classname="tests.test_invoice_pdf.TestInvoicePDFGeneration" name="test_03_update_bank_details" time="0.280" /><testcase classname="tests.test_invoice_pdf.TestInvoicePDFGeneration" name="test_04_get_users_for_invoice" time="0.288" /><testcase classname="tests.test_invoice_pdf.TestInvoicePDFGeneration" name="test_05_create_invoice_with_pdf" time="0.292"><failure message="AssertionError: PDF was not generated&#10;assert None == True&#10; +  where None = &lt;built-in method get of dict object at 0xfce2516e6ec0&gt;('pdfGenerated')&#10; +    where &lt;built-in method get of dict object at 0xfce2516e6ec0&gt; = {'amount': 500.0, 'createdAt': '2026-02-02T14:05:30.282743', 'currency': 'SEK', 'description': 'TEST_Membership Fee 2025 - PDF Test', ...}.get">tests/test_invoice_pdf.py:147: in test_05_create_invoice_with_pdf
    assert data.get("pdfGenerated") == True, "PDF was not generated"
E   AssertionError: PDF was not generated
E   assert None == True
E    +  where None = &lt;built-in method get of dict object at 0xfce2516e6ec0&gt;('pdfGenerated')
E    +    where &lt;built-in method get of dict object at 0xfce2516e6ec0&gt; = {'amount': 500.0, 'createdAt': '2026-02-02T14:05:30.282743', 'currency': 'SEK', 'description': 'TEST_Membership Fee 2025 - PDF Test', ...}.get</failure></testcase><testcase classname="tests.test_invoice_pdf.TestInvoicePDFGeneration" name="test_06_view_invoice_pdf" time="0.296"><failure message="AssertionError: PDF was not generated&#10;assert None == True&#10; +  where None = &lt;built-in method get of dict object at 0xfce2517869c0&gt;('pdfGenerated')&#10; +    where &lt;built-in method get of dict object at 0xfce2517869c0&gt; = {'amount': 500.0, 'createdAt': '2026-02-02T14:05:30.604169', 'currency': 'SEK', 'description': 'TEST_Membership Fee 2025 - PDF Test', ...}.get">tests/test_invoice_pdf.py:165: in test_06_view_invoice_pdf
    invoice = self.test_05_create_invoice_with_pdf()
              ^^^^^^^^^^^^^^^^^^^^^^^^^^^^^^^^^^^^^^
tests/test_invoice_pdf.py:147: in test_05_create_invoice_with_pdf
    assert data.get("pdfGenerated") == True, "PDF was not generated"
E   AssertionError: PDF was not generated
E   assert None == True
E    +  where None = &lt;built-in method get of dict object at 0xfce2517869c0&gt;('pdfGenerated')
E    +    where &lt;built-in method get of dict object at 0xfce2517869c0&gt; = {'amount': 500.0, 'createdAt': '2026-02-02T14:05:30.604169', 'currency': 'SEK', 'description': 'TEST_Membership Fee 2025 - PDF Test', ...}.get</failure></testcase><testcase classname="tests.test_invoice_pdf.TestInvoicePDFGeneration" name="test_07_download_invoice_pdf" time="0.292"><failure message="AssertionError: PDF was not generated&#10;assert None == True&#10; +  where None = &lt;built-in method get of dict object at 0xfce251598c00&gt;('pdfGenerated')&#10; +    where &lt;built-in method get of dict object at 0xfce251598c00&gt; = {'amount': 500.0, 'createdAt': '2026-02-02T14:05:30.903701', 'currency': 'SEK', 'description': 'TEST_Membership Fee 2025 - PDF Test', ...}.get">tests/test_invoice_pdf.py:187: in test_07_download_invoice_pdf
    invoice = self.test_05_create_invoice_with_pdf()
              ^^^^^^^^^^^^^^^^^^^^^^^^^^^^^^^^^^^^^^
tests/test_invoice_pdf.py:147: in test_05_create_invoice_with_pdf
    assert data.get("pdfGenerated") == True, "PDF was not generated"
E   AssertionError: PDF was not generated
E   assert None == True
E    +  where None = &lt;built-in method get of dict object at 0xfce251598c00&gt;('pdfGenerated')
E    +    where &lt;built-in method get of dict object at 0xfce251598c00&gt; = {'amount': 500.0, 'createdAt': '2026-02-02T14:05:30.903701', 'currency': 'SEK', 'description': 'TEST_Membership Fee 2025 - PDF Test', ...}.get</failure></testcase><testcase classname="tests.test_invoice_pdf.TestInvoicePDFGeneration" name="test_08_get_all_invoices" time="0.276" /><testcase classname="tests.test_invoice_pdf.TestInvoicePDFGeneration" name="test_09_bank_details_appear_in_pdf" time="0.381"><failure message="AssertionError: assert None == True&#10; +  where None = &lt;built-in method get of dict object at 0xfce251784dc0&gt;('pdfGenerated')&#10; +    where &lt;built-in method get of dict object at 0xfce251784dc0&gt; = {'amount': 750.0, 'createdAt': '2026-02-02T14:05:31.568841', 'currency': 'SEK', 'description': 'TEST_Bank Details Verification Invoice', ...}.get">tests/test_invoice_pdf.py:247: in test_09_bank_details_appear_in_pdf
    assert invoice.get("pdfGenerated") == True
E   AssertionError: assert None == True
E    +  where None = &lt;built-in method get of dict object at 0xfce251784dc0&gt;('pdfGenerated')
E    +    where &lt;built-in method get of dict object at 0xfce251784dc0&gt; = {'amount': 750.0, 'createdAt': '2026-02-02T14:05:31.568841', 'currency': 'SEK', 'description': 'TEST_Bank Details Verification Invoice', ...}.get</failure></testcase><testcase classname="tests.test_invoice_pdf.TestInvoicePDFGeneration" name="test_10_unauthorized_access_to_bank_details" time="0.299" /><testcase classname="tests.test_invoice_pdf.TestInvoicePDFGeneration" name="test_11_unauthorized_update_bank_details" time="0.304" /><testcase classname="tests.test_invoice_pdf.TestInvoicePDFGeneration" name="test_12_cleanup_test_invoices" time="0.359" /><testcase classname="tests.test_invoice_pdf.TestInvoiceFileEndpoints" name="test_file_not_found" time="0.272" /><testcase classname="tests.test_invoice_pdf.TestInvoiceFileEndpoints" name="test_existing_pdf_files" time="0.325" /></testsuite></testsuites>